
info: Zpracovávám dokument manuscripts/unzipped/.

info: Zpracovávám dokument manuscripts/unzipped/..

info: Zpracovávám dokument manuscripts/unzipped/Borovany_Soupis_ink_AJ.docx.2025-08-11-14_59_28

info: parsing manuscripts/unzipped/Borovany_Soupis_ink_AJ.docx.2025-08-11-14_59_28/document.xml

info: Vkládám data do databáze tmp_skupiny_rkp

info: úspěšně

info: 1 záznamů

info: Vkládám data do databáze tmp_rukopisy

info: úspěšně

info: 29 záznamů

info: Vkládám data do databáze tmp_zaznamy

info: úspěšně

info: 41 záznamů

info: Zpracovávám dokument manuscripts/unzipped/Borovany_Soupis_rkp_AJ.docx.2025-08-11-14_59_28

info: parsing manuscripts/unzipped/Borovany_Soupis_rkp_AJ.docx.2025-08-11-14_59_28/document.xml

info: Vkládám data do databáze tmp_skupiny_rkp

info: úspěšně

info: 3 záznamů

info: Vkládám data do databáze tmp_rukopisy

info: úspěšně

info: 92 záznamů

info: Vkládám data do databáze tmp_zaznamy

info: úspěšně

info: 469 záznamů

info: Zpracovávám dokument manuscripts/unzipped/Jaromer_Soupis_rkp_AJ.docx.2025-08-11-14_59_28

info: parsing manuscripts/unzipped/Jaromer_Soupis_rkp_AJ.docx.2025-08-11-14_59_28/document.xml

info: Vkládám data do databáze tmp_skupiny_rkp

info: úspěšně

info: 4 záznamů

info: Vkládám data do databáze tmp_rukopisy

info: úspěšně

info: 97 záznamů

info: Vkládám data do databáze tmp_zaznamy

info: úspěšně

info: 479 záznamů

info: Zpracovávám dokument manuscripts/unzipped/Karlov_Soupis_ink_AJ.docx.2025-08-11-14_59_28

info: parsing manuscripts/unzipped/Karlov_Soupis_ink_AJ.docx.2025-08-11-14_59_28/document.xml

info: Vkládám data do databáze tmp_skupiny_rkp

info: úspěšně

info: 5 záznamů

info: Vkládám data do databáze tmp_rukopisy

info: úspěšně

info: 103 záznamů

info: Vkládám data do databáze tmp_zaznamy

info: úspěšně

info: 487 záznamů

info: Zpracovávám dokument manuscripts/unzipped/Karlov_Soupis_rkp_AJ.docx.2025-08-11-14_59_28

info: parsing manuscripts/unzipped/Karlov_Soupis_rkp_AJ.docx.2025-08-11-14_59_28/document.xml

info: Vkládám data do databáze tmp_skupiny_rkp

info: úspěšně

info: 6 záznamů

info: Vkládám data do databáze tmp_rukopisy

info: úspěšně

info: 128 záznamů

info: Vkládám data do databáze tmp_zaznamy

info: úspěšně

info: 565 záznamů

info: Zpracovávám dokument manuscripts/unzipped/Neunkirchen_Soupis_ink_AJ.docx.2025-08-11-14_59_28

info: parsing manuscripts/unzipped/Neunkirchen_Soupis_ink_AJ.docx.2025-08-11-14_59_28/document.xml

info: Vkládám data do databáze tmp_skupiny_rkp

info: úspěšně

info: 7 záznamů

info: Vkládám data do databáze tmp_rukopisy

info: úspěšně

info: 137 záznamů

info: Vkládám data do databáze tmp_zaznamy

info: úspěšně

info: 593 záznamů

info: Zpracovávám dokument manuscripts/unzipped/Neunkirchen_Soupis_rkp_AJ.docx.2025-08-11-14_59_28

info: parsing manuscripts/unzipped/Neunkirchen_Soupis_rkp_AJ.docx.2025-08-11-14_59_28/document.xml

info: Vkládám data do databáze tmp_skupiny_rkp

info: úspěšně

info: 8 záznamů

info: Vkládám data do databáze tmp_rukopisy

info: úspěšně

info: 171 záznamů

info: Vkládám data do databáze tmp_zaznamy

info: úspěšně

info: 731 záznamů

info: Zpracovávám dokument manuscripts/unzipped/Rokycany_Soupis_ink_AJ.docx.2025-08-11-14_59_28

info: parsing manuscripts/unzipped/Rokycany_Soupis_ink_AJ.docx.2025-08-11-14_59_28/document.xml

info: Vkládám data do databáze tmp_skupiny_rkp

info: úspěšně

info: 9 záznamů

info: Vkládám data do databáze tmp_rukopisy

info: úspěšně

info: 176 záznamů

info: Vkládám data do databáze tmp_zaznamy

info: úspěšně

info: 748 záznamů

info: Zpracovávám dokument manuscripts/unzipped/Rokycany_Soupis_rkp_AJ.docx.2025-08-11-14_59_28

info: parsing manuscripts/unzipped/Rokycany_Soupis_rkp_AJ.docx.2025-08-11-14_59_28/document.xml

info: Vkládám data do databáze tmp_skupiny_rkp

info: úspěšně

info: 10 záznamů

info: Vkládám data do databáze tmp_rukopisy

info: úspěšně

info: 228 záznamů

info: Vkládám data do databáze tmp_zaznamy

info: úspěšně

info: 1175 záznamů

info: Zpracovávám dokument manuscripts/unzipped/Roudnice_Soupis_rkp_AJ.docx.2025-08-11-14_59_28

info: parsing manuscripts/unzipped/Roudnice_Soupis_rkp_AJ.docx.2025-08-11-14_59_28/document.xml

info: Vkládám data do databáze tmp_skupiny_rkp

info: úspěšně

info: 12 záznamů

info: Vkládám data do databáze tmp_rukopisy

info: úspěšně

info: 416 záznamů

info: Vkládám data do databáze tmp_zaznamy

info: úspěšně

info: 2103 záznamů

info: Zpracovávám dokument manuscripts/unzipped/Sadska_Soupis_rkp_AJ.docx.2025-08-11-14_59_28

info: parsing manuscripts/unzipped/Sadska_Soupis_rkp_AJ.docx.2025-08-11-14_59_28/document.xml

info: Vkládám data do databáze tmp_skupiny_rkp

info: úspěšně

info: 14 záznamů

info: Vkládám data do databáze tmp_rukopisy

info: úspěšně

info: 445 záznamů

info: Vkládám data do databáze tmp_zaznamy

info: úspěšně

info: 2185 záznamů

info: Zpracovávám dokument manuscripts/unzipped/Trebon_Soupis_ink_AJ.docx.2025-08-11-14_59_28

info: parsing manuscripts/unzipped/Trebon_Soupis_ink_AJ.docx.2025-08-11-14_59_28/document.xml

info: Vkládám data do databáze tmp_skupiny_rkp

info: úspěšně

info: 15 záznamů

info: Vkládám data do databáze tmp_rukopisy

info: úspěšně

info: 537 záznamů

info: Vkládám data do databáze tmp_zaznamy

info: úspěšně

info: 2354 záznamů

info: Zpracovávám dokument manuscripts/unzipped/Trebon_Soupis_rkp_AJ.docx.2025-08-11-14_59_28

info: parsing manuscripts/unzipped/Trebon_Soupis_rkp_AJ.docx.2025-08-11-14_59_28/document.xml

info: Vkládám data do databáze tmp_skupiny_rkp

info: úspěšně

info: 17 záznamů

info: Vkládám data do databáze tmp_rukopisy

info: úspěšně

info: 827 záznamů

info: Vkládám data do databáze tmp_zaznamy

info: úspěšně

info: 6765 záznamů
